\BOOKMARK [0][-]{chapter*.2}{\376\377\000A\000b\000s\000t\000r\000a\000c\000t}{}% 1
\BOOKMARK [0][-]{chapter*.3}{\376\377\000G\000l\000o\000s\000s\000a\000r\000y}{}% 2
\BOOKMARK [0][-]{chapter*.4}{\376\377\000P\000r\000e\000f\000a\000c\000e}{}% 3
\BOOKMARK [0][-]{chapter*.5}{\376\377\000C\000o\000n\000t\000e\000n\000t\000s}{}% 4
\BOOKMARK [0][-]{chapter.1}{\376\377\000I\000n\000t\000r\000o\000d\000u\000c\000t\000i\000o\000n}{}% 5
\BOOKMARK [0][-]{chapter.2}{\376\377\000M\000a\000c\000h\000i\000n\000e\000\040\000L\000e\000a\000r\000n\000i\000n\000g}{}% 6
\BOOKMARK [1][-]{section.2.1}{\376\377\000M\000a\000c\000h\000i\000n\000e\000\040\000L\000e\000a\000r\000n\000i\000n\000g\000\040\000B\000a\000s\000i\000c\000s}{chapter.2}% 7
\BOOKMARK [2][-]{subsection.2.1.1}{\376\377\000T\000a\000s\000k\000s}{section.2.1}% 8
\BOOKMARK [2][-]{subsection.2.1.2}{\376\377\000P\000e\000r\000f\000o\000r\000m\000a\000n\000c\000e\000\040\000M\000e\000a\000s\000u\000r\000e}{section.2.1}% 9
\BOOKMARK [2][-]{subsection.2.1.3}{\376\377\000E\000x\000p\000e\000r\000i\000e\000n\000c\000e}{section.2.1}% 10
\BOOKMARK [1][-]{section.2.2}{\376\377\000T\000y\000p\000e\000s\000\040\000o\000f\000\040\000L\000e\000a\000r\000n\000i\000n\000g}{chapter.2}% 11
\BOOKMARK [2][-]{subsection.2.2.1}{\376\377\000S\000u\000p\000e\000r\000v\000i\000s\000e\000d\000\040\000l\000e\000a\000r\000n\000i\000n\000g}{section.2.2}% 12
\BOOKMARK [1][-]{section.2.3}{\376\377\000F\000u\000n\000c\000t\000i\000o\000n\000\040\000L\000e\000a\000r\000n\000i\000n\000g}{chapter.2}% 13
\BOOKMARK [1][-]{section.2.4}{\376\377\000A\000r\000t\000i\000f\000i\000c\000i\000a\000l\000\040\000n\000e\000u\000r\000a\000l\000\040\000n\000e\000t\000w\000o\000r\000k\000s\000\040}{chapter.2}% 14
\BOOKMARK [0][-]{chapter.3}{\376\377\000F\000u\000n\000c\000t\000i\000o\000n\000\040\000A\000p\000p\000r\000o\000x\000i\000m\000a\000t\000i\000o\000n}{}% 15
\BOOKMARK [1][-]{section.3.1}{\376\377\000?\000?\000?\000?}{chapter.3}% 16
\BOOKMARK [1][-]{section.3.2}{\376\377\000M\000u\000l\000t\000i\000l\000a\000y\000e\000r\000\040\000F\000e\000e\000d\000f\000o\000r\000w\000a\000r\000d\000\040\000N\000e\000t\000w\000o\000r\000k}{chapter.3}% 17
\BOOKMARK [0][-]{chapter.4}{\376\377\000T\000h\000e\000o\000r\000e\000m\000\040\000a\000n\000d\000\040\000p\000r\000o\000o\000f}{}% 18
\BOOKMARK [1][-]{section.4.1}{\376\377\000T\000h\000e\000o\000r\000e\000m}{chapter.4}% 19
\BOOKMARK [1][-]{section.4.2}{\376\377\000P\000r\000e\000-\000p\000r\000e}{chapter.4}% 20
\BOOKMARK [1][-]{section.4.3}{\376\377\000P\000r\000o\000o\000f}{chapter.4}% 21
\BOOKMARK [2][-]{subsection.4.3.1}{\376\377\000L\000e\000f\000t\000\040\000\040\000?\000?\000\040}{section.4.3}% 22
\BOOKMARK [2][-]{subsection.4.3.2}{\376\377\0001\000\040\000d\000e\000n\000s\000e\000\040\000i\000n\000\040\000C\000\050\000R\000\051}{section.4.3}% 23
\BOOKMARK [2][-]{subsection.4.3.3}{\376\377\0001\000\040\000i\000s\000\040\000d\000e\000n\000s\000e\000\040\000i\000n\000\040\000C\000\050\000R\000\051\000,\000\040\000t\000h\000e\000n\000\040\000n\000\040\000i\000s\000\040\000d\000e\000n\000s\000e\000\040\000i\000n\000\040\000C\000\050\000R\000n\000\051\000\040}{section.4.3}% 24
\BOOKMARK [1][-]{section.4.4}{\376\377\000P\000r\000o\000o\000f}{chapter.4}% 25
\BOOKMARK [0][-]{chapter.5}{\376\377\000A\000b\000o\000u\000t\000\040\000t\000h\000e\000o\000r\000e\000m}{}% 26
\BOOKMARK [1][-]{subsection.5.0.1}{\376\377\000W\000h\000y\000\040\000d\000o\000e\000s\000\040\000i\000t\000\040\000n\000o\000t\000\040\000c\000o\000n\000t\000r\000a\000d\000i\000c\000t\000\040\000t\000h\000e\000\040\000W\000e\000i\000e\000r\000s\000t\000r\000a\000s\000s\000\040\000a\000p\000p\000r\000o\000x\000i\000m\000a\000t\000i\000o\000n\000\040\000t\000h\000e\000o\000r\000e\000m\000?\000\040}{chapter.5}% 27
\BOOKMARK [2][-]{subsection.5.0.2}{\376\377\000P\000r\000e\000v\000i\000o\000u\000s\000\040\000r\000e\000s\000u\000l\000t\000s}{subsection.5.0.1}% 28
\BOOKMARK [2][-]{subsection.5.0.3}{\376\377\000R\000e\000s\000u\000l\000t\000s}{subsection.5.0.1}% 29
\BOOKMARK [0][-]{chapter.6}{\376\377\000R\000e\000s\000u\000l\000t\000s}{}% 30
\BOOKMARK [0][-]{chapter.7}{\376\377\000C\000o\000n\000c\000l\000u\000s\000i\000o\000n\000s}{}% 31
\BOOKMARK [1][-]{section.7.1}{\376\377\000S\000u\000m\000m\000a\000r\000y}{chapter.7}% 32
\BOOKMARK [1][-]{section.7.2}{\376\377\000O\000u\000t\000l\000o\000o\000k\000\040\000a\000n\000d\000\040\000F\000u\000t\000u\000r\000e\000\040\000W\000o\000r\000k}{chapter.7}% 33
\BOOKMARK [0][-]{chapter.8}{\376\377\000R\000e\000f\000e\000r\000e\000n\000c\000e\000s}{}% 34
\BOOKMARK [0][-]{appendix.A}{\376\377\000\040\000T\000h\000e\000o\000r\000y\000\040\000u\000s\000e\000d}{}% 35
\BOOKMARK [1][-]{section.A.1}{\376\377\000B\000l\000a\000i\000r\000e\000'\000s\000\040\000c\000a\000t\000e\000g\000o\000r\000y\000\040\000t\000h\000e\000o\000r\000e\000m}{appendix.A}% 36
